<?xml version="1.0" encoding="UTF-8"?>
<!-- Generated by org.testng.reporters.JUnitReportReporter -->
<testsuite hostname="LAPTOP-IAO4A7LE" failures="0" tests="4" name="Package.MainTest" time="34.153" errors="0" timestamp="2024-11-01T21:54:49 IST" skipped="0">
  <testcase classname="Package.MainTest" name="test2" time="5.138"/>
  <system-out/>
  <testcase classname="Package.MainTest" name="test1" time="8.167"/>
  <system-out/>
  <testcase classname="Package.MainTest" name="test3" time="13.655"/>
  <system-out/>
  <testcase classname="Package.MainTest" name="test4" time="7.193"/>
  <system-out/>
</testsuite> <!-- Package.MainTest -->
